<?xml version="1.0" encoding="utf-8"?><testsuites name="pytest tests"><testsuite name="pytest" errors="0" failures="1" skipped="0" tests="18" time="7.188" timestamp="2026-02-13T14:07:31.035445+00:00" hostname="agent-env-f04cdb09-13f9-40c4-acde-cdb8526a62f4"><testcase classname="backend.tests.test_clinikq_phase3.TestBugFix1SidebarLogo" name="test_my_branding_endpoint_returns_logo_path" time="0.721" /><testcase classname="backend.tests.test_clinikq_phase3.TestBugFix1SidebarLogo" name="test_logo_file_is_accessible" time="0.488"><failure message="AssertionError: Response should be an image&#10;assert 'image' in 'text/html; charset=utf-8'&#10; +  where 'text/html; charset=utf-8' = get('content-type', '')&#10; +    where get = {'Date': 'Fri, 13 Feb 2026 14:07:32 GMT', 'Content-Type': 'text/html; charset=utf-8', 'Transfer-Encoding': 'chunked', 'Connection': 'keep-alive', 'Content-Encoding': 'gzip', 'CF-Ray': '9cd4e4835f2098c3-ORD', 'CF-Cache-Status': 'DYNAMIC', 'Access-Control-Allow-Origin': '*', 'Cache-Control': 'no-store, no-cache, must-revalidate', 'Vary': 'Accept-Encoding', 'Via': '1.1 google', 'Access-Control-Max-Age': '300', 'access-control-allow-headers': '*', 'access-control-allow-methods': 'GET, POST, PUT, DELETE, OPTIONS, HEAD, PATCH', 'x-powered-by': 'Express', 'Server': 'cloudflare'}.get&#10; +      where {'Date': 'Fri, 13 Feb 2026 14:07:32 GMT', 'Content-Type': 'text/html; charset=utf-8', 'Transfer-Encoding': 'chunked', 'Connection': 'keep-alive', 'Content-Encoding': 'gzip', 'CF-Ray': '9cd4e4835f2098c3-ORD', 'CF-Cache-Status': 'DYNAMIC', 'Access-Control-Allow-Origin': '*', 'Cache-Control': 'no-store, no-cache, must-revalidate', 'Vary': 'Accept-Encoding', 'Via': '1.1 google', 'Access-Control-Max-Age': '300', 'access-control-allow-headers': '*', 'access-control-allow-methods': 'GET, POST, PUT, DELETE, OPTIONS, HEAD, PATCH', 'x-powered-by': 'Express', 'Server': 'cloudflare'} = &lt;Response [200]&gt;.headers">backend/tests/test_clinikq_phase3.py:97: in test_logo_file_is_accessible
    assert "image" in file_response.headers.get("content-type", ""), "Response should be an image"
E   AssertionError: Response should be an image
E   assert 'image' in 'text/html; charset=utf-8'
E    +  where 'text/html; charset=utf-8' = get('content-type', '')
E    +    where get = {'Date': 'Fri, 13 Feb 2026 14:07:32 GMT', 'Content-Type': 'text/html; charset=utf-8', 'Transfer-Encoding': 'chunked', 'Connection': 'keep-alive', 'Content-Encoding': 'gzip', 'CF-Ray': '9cd4e4835f2098c3-ORD', 'CF-Cache-Status': 'DYNAMIC', 'Access-Control-Allow-Origin': '*', 'Cache-Control': 'no-store, no-cache, must-revalidate', 'Vary': 'Accept-Encoding', 'Via': '1.1 google', 'Access-Control-Max-Age': '300', 'access-control-allow-headers': '*', 'access-control-allow-methods': 'GET, POST, PUT, DELETE, OPTIONS, HEAD, PATCH', 'x-powered-by': 'Express', 'Server': 'cloudflare'}.get
E    +      where {'Date': 'Fri, 13 Feb 2026 14:07:32 GMT', 'Content-Type': 'text/html; charset=utf-8', 'Transfer-Encoding': 'chunked', 'Connection': 'keep-alive', 'Content-Encoding': 'gzip', 'CF-Ray': '9cd4e4835f2098c3-ORD', 'CF-Cache-Status': 'DYNAMIC', 'Access-Control-Allow-Origin': '*', 'Cache-Control': 'no-store, no-cache, must-revalidate', 'Vary': 'Accept-Encoding', 'Via': '1.1 google', 'Access-Control-Max-Age': '300', 'access-control-allow-headers': '*', 'access-control-allow-methods': 'GET, POST, PUT, DELETE, OPTIONS, HEAD, PATCH', 'x-powered-by': 'Express', 'Server': 'cloudflare'} = &lt;Response [200]&gt;.headers</failure></testcase><testcase classname="backend.tests.test_clinikq_phase3.TestBugFix2SetPasswordPage" name="test_verify_activation_token_valid" time="0.114" /><testcase classname="backend.tests.test_clinikq_phase3.TestBugFix2SetPasswordPage" name="test_verify_activation_token_invalid" time="0.148" /><testcase classname="backend.tests.test_clinikq_phase3.TestBugFix2SetPasswordPage" name="test_set_password_success" time="0.338" /><testcase classname="backend.tests.test_clinikq_phase3.TestBugFix2SetPasswordPage" name="test_set_password_invalid_token" time="0.279" /><testcase classname="backend.tests.test_clinikq_phase3.TestPhase3AvailableSlots" name="test_available_slots_returns_slots" time="0.396" /><testcase classname="backend.tests.test_clinikq_phase3.TestPhase3AvailableSlots" name="test_available_slots_with_custom_duration" time="0.504" /><testcase classname="backend.tests.test_clinikq_phase3.TestPhase3AvailableSlots" name="test_available_slots_invalid_date_format" time="0.399" /><testcase classname="backend.tests.test_clinikq_phase3.TestPhase3EnhancedDashboard" name="test_enhanced_dashboard_returns_full_data" time="0.449" /><testcase classname="backend.tests.test_clinikq_phase3.TestPhase3EnhancedDashboard" name="test_enhanced_dashboard_schedule_item_structure" time="0.412" /><testcase classname="backend.tests.test_clinikq_phase3.TestPhase3AppointmentCreationAndDoublBooking" name="test_create_appointment_with_slot_calculation" time="0.558" /><testcase classname="backend.tests.test_clinikq_phase3.TestPhase3AppointmentCreationAndDoublBooking" name="test_double_booking_prevention" time="0.581" /><testcase classname="backend.tests.test_clinikq_phase3.TestPhase3NotificationEvents" name="test_notification_events_created_on_appointment" time="0.560" /><testcase classname="backend.tests.test_clinikq_phase3.TestAuthentication" name="test_super_admin_login" time="0.401" /><testcase classname="backend.tests.test_clinikq_phase3.TestAuthentication" name="test_clinic_admin_login" time="0.340" /><testcase classname="backend.tests.test_clinikq_phase3.TestAuthentication" name="test_invalid_credentials" time="0.163" /><testcase classname="backend.tests.test_clinikq_phase3.TestAPIHealth" name="test_api_root" time="0.111" /></testsuite></testsuites>